0 info it worked if it ends with ok
1 verbose cli [ '/usr/local/bin/iojs',
1 verbose cli   '/usr/local/bin/npm',
1 verbose cli   'version',
1 verbose cli   'minor' ]
2 info using npm@2.11.0
3 info using node@v2.1.0
4 info preversion undefined
5 info git [ 'status', '--porcelain' ]
6 verbose stack Error: Error: Git working directory not clean.
6 verbose stack M package.json
6 verbose stack     at /usr/local/lib/node_modules/npm/lib/version.js:67:23
6 verbose stack     at /usr/local/lib/node_modules/npm/lib/version.js:147:34
6 verbose stack     at ChildProcess.exithandler (child_process.js:676:7)
6 verbose stack     at emitTwo (events.js:87:13)
6 verbose stack     at ChildProcess.emit (events.js:172:7)
6 verbose stack     at maybeClose (child_process.js:953:16)
6 verbose stack     at Socket.<anonymous> (child_process.js:1114:11)
6 verbose stack     at emitOne (events.js:77:13)
6 verbose stack     at Socket.emit (events.js:169:7)
6 verbose stack     at Pipe._onclose (net.js:472:12)
7 verbose cwd /Users/erickmerchant/Code/static-engine-defaults
8 error Darwin 14.3.0
9 error argv "/usr/local/bin/iojs" "/usr/local/bin/npm" "version" "minor"
10 error node v2.1.0
11 error npm  v2.11.0
12 error Error: Git working directory not clean.
12 error M package.json
13 error If you need help, you may report this error at:
13 error     <https://github.com/npm/npm/issues>
14 verbose exit [ 1, true ]
